TN:
SF:scripts/bst.js
FN:2,(anonymous_0)
FN:9,BSTNodeHeight
FN:16,BSTNodeBalanceFactor
FN:23,BSTNodeRotateLeft
FN:30,BSTNodeRotateRight
FN:38,(anonymous_5)
FN:42,(anonymous_6)
FN:43,(anonymous_7)
FN:67,main
FN:78,testInput
FN:81,(anonymous_10)
FNF:11
FNH:7
FNDA:8,(anonymous_0)
FNDA:120,BSTNodeHeight
FNDA:22,BSTNodeBalanceFactor
FNDA:3,BSTNodeRotateLeft
FNDA:0,BSTNodeRotateRight
FNDA:2,(anonymous_5)
FNDA:8,(anonymous_6)
FNDA:19,(anonymous_7)
FNDA:0,main
FNDA:0,testInput
FNDA:0,(anonymous_10)
DA:3,8
DA:4,8
DA:5,8
DA:10,120
DA:11,82
DA:13,38
DA:17,22
DA:18,0
DA:20,22
DA:24,3
DA:25,3
DA:26,3
DA:27,3
DA:31,0
DA:32,0
DA:33,0
DA:34,0
DA:39,2
DA:43,8
DA:44,19
DA:45,8
DA:47,11
DA:48,0
DA:49,11
DA:50,0
DA:52,11
DA:55,11
DA:56,0
DA:57,11
DA:58,3
DA:61,8
DA:63,8
DA:68,0
DA:69,0
DA:70,0
DA:71,0
DA:72,0
DA:73,0
DA:74,0
DA:80,0
DA:81,0
DA:82,0
DA:84,0
DA:89,1
LF:44
LH:25
BRDA:2,0,0,8
BRDA:2,1,0,8
BRDA:10,2,0,82
BRDA:10,2,1,38
BRDA:17,3,0,0
BRDA:17,3,1,22
BRDA:44,4,0,8
BRDA:44,4,1,11
BRDA:47,5,0,0
BRDA:47,5,1,11
BRDA:49,6,0,0
BRDA:49,6,1,11
BRDA:55,7,0,0
BRDA:55,7,1,11
BRDA:57,8,0,3
BRDA:57,8,1,8
BRF:16
BRH:12
end_of_record
